d:\study\2020-1학기\컴퓨터 프로그래밍3\14주\201702079_최민규_14주차_2\201702079_최민규_14주차_2\debug\vc140.pdb
d:\study\2020-1학기\컴퓨터 프로그래밍3\14주\201702079_최민규_14주차_2\201702079_최민규_14주차_2\debug\vc140.idb
d:\study\2020-1학기\컴퓨터 프로그래밍3\14주\201702079_최민규_14주차_2\201702079_최민규_14주차_2\debug\appcontroller.obj
d:\study\2020-1학기\컴퓨터 프로그래밍3\14주\201702079_최민규_14주차_2\201702079_최민규_14주차_2\debug\appview.obj
d:\study\2020-1학기\컴퓨터 프로그래밍3\14주\201702079_최민규_14주차_2\201702079_최민규_14주차_2\debug\binarynode.obj
d:\study\2020-1학기\컴퓨터 프로그래밍3\14주\201702079_최민규_14주차_2\201702079_최민규_14주차_2\debug\binarysearchtreedictionary.obj
d:\study\2020-1학기\컴퓨터 프로그래밍3\14주\201702079_최민규_14주차_2\201702079_최민규_14주차_2\debug\element.obj
d:\study\2020-1학기\컴퓨터 프로그래밍3\14주\201702079_최민규_14주차_2\201702079_최민규_14주차_2\debug\key.obj
d:\study\2020-1학기\컴퓨터 프로그래밍3\14주\201702079_최민규_14주차_2\201702079_최민규_14주차_2\debug\main.obj
d:\study\2020-1학기\컴퓨터 프로그래밍3\14주\201702079_최민규_14주차_2\201702079_최민규_14주차_2\debug\node.obj
d:\study\2020-1학기\컴퓨터 프로그래밍3\14주\201702079_최민규_14주차_2\201702079_최민규_14주차_2\debug\object.obj
d:\study\2020-1학기\컴퓨터 프로그래밍3\14주\201702079_최민규_14주차_2\201702079_최민규_14주차_2\debug\parameterset.obj
d:\study\2020-1학기\컴퓨터 프로그래밍3\14주\201702079_최민규_14주차_2\201702079_최민규_14주차_2\debug\sortedarraydictionary.obj
d:\study\2020-1학기\컴퓨터 프로그래밍3\14주\201702079_최민규_14주차_2\201702079_최민규_14주차_2\debug\sortedlinkeddictionary.obj
d:\study\2020-1학기\컴퓨터 프로그래밍3\14주\201702079_최민규_14주차_2\201702079_최민규_14주차_2\debug\timer.obj
d:\study\2020-1학기\컴퓨터 프로그래밍3\14주\201702079_최민규_14주차_2\201702079_최민규_14주차_2\debug\unsortedarraydictionary.obj
d:\study\2020-1학기\컴퓨터 프로그래밍3\14주\201702079_최민규_14주차_2\201702079_최민규_14주차_2\debug\unsortedlinkeddictionary.obj
d:\study\2020-1학기\컴퓨터 프로그래밍3\14주\201702079_최민규_14주차_2\debug\201702079_최민규_14주차_2.ilk
d:\study\2020-1학기\컴퓨터 프로그래밍3\14주\201702079_최민규_14주차_2\debug\201702079_최민규_14주차_2.exe
d:\study\2020-1학기\컴퓨터 프로그래밍3\14주\201702079_최민규_14주차_2\debug\201702079_최민규_14주차_2.pdb
d:\study\2020-1학기\컴퓨터 프로그래밍3\14주\201702079_최민규_14주차_2\201702079_최민규_14주차_2\debug\20170207.14f1ab2e.tlog\cl.command.1.tlog
d:\study\2020-1학기\컴퓨터 프로그래밍3\14주\201702079_최민규_14주차_2\201702079_최민규_14주차_2\debug\20170207.14f1ab2e.tlog\cl.read.1.tlog
d:\study\2020-1학기\컴퓨터 프로그래밍3\14주\201702079_최민규_14주차_2\201702079_최민규_14주차_2\debug\20170207.14f1ab2e.tlog\cl.write.1.tlog
d:\study\2020-1학기\컴퓨터 프로그래밍3\14주\201702079_최민규_14주차_2\201702079_최민규_14주차_2\debug\20170207.14f1ab2e.tlog\link.command.1.tlog
d:\study\2020-1학기\컴퓨터 프로그래밍3\14주\201702079_최민규_14주차_2\201702079_최민규_14주차_2\debug\20170207.14f1ab2e.tlog\link.read.1.tlog
d:\study\2020-1학기\컴퓨터 프로그래밍3\14주\201702079_최민규_14주차_2\201702079_최민규_14주차_2\debug\20170207.14f1ab2e.tlog\link.write.1.tlog
